<?xml version="1.0" encoding="UTF-8"?>
<testng-results ignored="91" total="92" passed="1" failed="0" skipped="0">
  <reporter-output>
  </reporter-output>
  <suite started-at="2023-03-04T09:42:09 EST" name="Default suite" finished-at="2023-03-04T09:42:13 EST" duration-ms="4487">
    <groups>
    </groups>
    <test started-at="2023-03-04T09:42:09 EST" name="Default test" finished-at="2023-03-04T09:42:13 EST" duration-ms="4487">
      <class name="com.pwc.productcentral.RegressionTestCases">
        <test-method is-config="true" signature="setUp()[pri:0, instance:com.pwc.productcentral.RegressionTestCases@1d81e101]" started-at="2023-03-04T09:42:09 EST" name="setUp" finished-at="2023-03-04T09:42:09 EST" duration-ms="120" status="PASS">
          <reporter-output>
          </reporter-output>
        </test-method> <!-- setUp -->
        <test-method is-config="true" signature="initTest()[pri:0, instance:com.pwc.productcentral.RegressionTestCases@1d81e101]" started-at="2023-03-04T09:42:09 EST" name="initTest" finished-at="2023-03-04T09:42:09 EST" duration-ms="544" status="PASS">
          <reporter-output>
          </reporter-output>
        </test-method> <!-- initTest -->
        <test-method signature="WEB_23()[pri:0, instance:com.pwc.productcentral.RegressionTestCases@1d81e101]" started-at="2023-03-04T09:42:09 EST" name="WEB_23" finished-at="2023-03-04T09:42:13 EST" duration-ms="3915" status="PASS">
          <reporter-output>
          </reporter-output>
        </test-method> <!-- WEB_23 -->
        <test-method is-config="true" signature="closeTabs()[pri:0, instance:com.pwc.productcentral.RegressionTestCases@1d81e101]" started-at="2023-03-04T09:42:13 EST" name="closeTabs" finished-at="2023-03-04T09:42:13 EST" duration-ms="11" status="PASS">
          <reporter-output>
          </reporter-output>
        </test-method> <!-- closeTabs -->
        <test-method is-config="true" signature="closingBrowser()[pri:0, instance:com.pwc.productcentral.RegressionTestCases@1d81e101]" started-at="2023-03-04T09:42:13 EST" name="closingBrowser" finished-at="2023-03-04T09:42:13 EST" duration-ms="202" status="PASS">
          <reporter-output>
          </reporter-output>
        </test-method> <!-- closingBrowser -->
      </class> <!-- com.pwc.productcentral.RegressionTestCases -->
    </test> <!-- Default test -->
  </suite> <!-- Default suite -->
</testng-results>
